[2016-04-06 23:31:48] START
[2016-04-07 23:55:34] EDIT login/views/layout.html: 4
[2016-04-07 23:58:57] EDIT login/views/layout.html: -2
[2016-04-08 00:01:41] EDIT login/views/layout.html: 8
[2016-04-08 18:20:35] EDIT login/models/menu.py: -91
[2016-04-08 18:21:16] EDIT login/views/layout.html: -9
[2016-04-08 18:26:59] EDIT login/models/menu.py: -10
[2016-04-08 18:27:35] EDIT login/models/menu.py: 0
[2016-04-08 18:27:51] EDIT login/models/menu.py: 0
[2016-04-08 18:30:13] EDIT login/models/menu.py: 0
[2016-04-08 18:34:28] EDIT login/views/layout.html: -1
[2016-04-08 18:37:45] EDIT login/static/css/bootstrap.min.css: 0
[2016-04-08 18:52:37] EDIT login/views/layout.html: 0
[2016-04-08 18:55:29] EDIT login/views/layout.html: 0
[2016-04-08 18:59:27] EDIT login/views/layout.html: 2
[2016-04-08 19:02:33] EDIT login/views/layout.html: 0
[2016-04-08 19:07:14] EDIT login/views/layout.html: 0
[2016-04-08 19:10:15] EDIT login/views/layout.html: -2
[2016-04-08 19:22:46] EDIT login/views/layout.html: 0
[2016-04-08 19:30:21] EDIT login/views/layout.html: 0
[2016-04-08 19:54:54] EDIT login/views/layout.html: 0
[2016-04-08 22:05:20] EDIT login/views/default/start.html: 3
[2016-04-08 22:06:14] EDIT login/views/default/start.html: 2
[2016-04-08 22:07:58] EDIT login/views/default/start.html: 2
[2016-04-08 22:08:18] EDIT login/views/default/start.html: 1
[2016-04-08 22:08:38] EDIT login/views/default/start.html: 1
[2016-04-08 22:08:50] EDIT login/views/default/start.html: 1
[2016-04-08 22:14:51] EDIT login/views/default/start.html: -10
[2016-04-08 22:40:18] EDIT login/views/default/start.html: 5
[2016-04-08 22:41:14] EDIT login/views/default/start.html: 2
[2016-04-08 22:42:16] EDIT login/views/default/start.html: 0
[2016-04-08 22:45:51] EDIT login/models/menu.py: 0
[2016-04-08 22:46:24] EDIT login/models/menu.py: 0
[2016-04-08 22:46:25] EDIT login/models/menu.py: 0
[2016-04-08 22:46:25] EDIT login/models/menu.py: 0
[2016-04-08 22:51:57] EDIT login/views/default/start.html: 2
[2016-04-08 22:53:38] EDIT login/views/default/start.html: 0
[2016-04-08 22:55:04] EDIT login/views/default/start.html: -7
[2016-04-16 15:53:50] EDIT login/views/default/main.html: 0
[2016-04-19 12:43:54] EDIT project/controllers/default.py: 0
[2016-04-19 12:46:26] EDIT project/models/db.py: -2
[2016-04-19 12:55:51] EDIT project/static/css/home.css: 3
[2016-04-19 12:57:36] EDIT project/controllers/default.py: 2
[2016-04-19 13:04:43] EDIT project/static/css/home.css: 0
[2016-04-19 13:05:31] EDIT project/static/css/home.css: 0
[2016-04-19 13:05:42] EDIT project/static/css/home.css: 0
[2016-04-19 13:06:29] EDIT project/controllers/default.py: -2
[2016-04-19 13:10:01] EDIT project/models/db.py: 0
[2016-04-19 13:22:38] EDIT project/models/db.py: 0
[2016-04-19 13:22:43] EDIT project/models/db.py: 0
[2016-04-19 13:23:01] EDIT project/models/db.py: 0
[2016-04-19 13:24:07] EDIT project/models/db.py: 1
[2016-04-19 13:24:47] EDIT project/models/db.py: 0
[2016-04-19 13:24:51] EDIT project/models/db.py: 0
[2016-04-19 13:27:12] EDIT project/models/db.py: -1
[2016-04-19 13:30:35] EDIT project/controllers/default.py: 0
[2016-04-19 13:31:09] EDIT project/models/db.py: 1
[2016-04-19 13:31:32] EDIT project/models/db.py: 0
[2016-04-19 13:31:37] EDIT project/models/db.py: 0
[2016-04-19 14:01:34] EDIT project/controllers/default.py: 0
[2016-04-19 14:46:51] EDIT project/models/db.py: 4
[2016-04-19 14:47:26] EDIT project/models/db.py: 0
[2016-04-19 14:47:35] EDIT project/models/db.py: 0
[2016-04-19 14:47:51] EDIT project/models/db.py: 0
[2016-04-19 14:48:31] EDIT project/models/db.py: 0
[2016-04-19 14:57:19] EDIT project/models/db.py: 0
[2016-04-19 15:00:43] EDIT project/views/default/main.html: 6
[2016-04-19 15:15:40] EDIT project/views/default/main.html: -2
[2016-04-19 15:16:14] EDIT project/views/default/main.html: 1
[2016-04-19 15:16:55] EDIT project/views/default/main.html: 0
[2016-04-19 15:17:48] EDIT project/views/default/main.html: 0
[2016-04-19 15:24:02] EDIT project/views/default/main.html: 1
[2016-04-19 15:27:21] EDIT project/controllers/default.py: 3
[2016-04-19 15:27:33] EDIT project/controllers/default.py: -1
[2016-04-19 15:27:58] EDIT project/views/default/main.html: 1
[2016-04-19 15:29:17] EDIT project/views/default/main.html: 0
[2016-04-19 15:57:57] EDIT project/controllers/default.py: 0
[2016-04-19 15:58:32] EDIT project/views/default/main.html: 0
[2016-04-19 16:00:14] EDIT project/views/default/main.html: 0
[2016-04-19 16:11:24] EDIT project/views/default/main.html: 0
[2016-04-19 16:18:07] EDIT project/views/default/main.html: 2
[2016-04-19 16:19:00] EDIT project/views/default/main.html: 2
[2016-04-19 16:21:54] EDIT project/views/default/main.html: 0
[2016-04-19 16:23:50] EDIT project/views/default/main.html: 0
[2016-04-19 16:44:09] EDIT project/views/default/main.html: 5
[2016-04-19 16:44:30] EDIT project/views/default/main.html: 0
[2016-04-19 16:44:46] EDIT project/views/default/main.html: -5
[2016-04-19 16:45:12] EDIT project/views/default/main.html: 0
[2016-04-19 16:55:02] EDIT project/views/default/main.html: 2
[2016-04-19 16:55:50] EDIT project/views/default/main.html: -1
[2016-04-19 16:56:17] EDIT project/views/default/main.html: 0
[2016-04-19 16:57:23] EDIT project/views/default/main.html: -1
[2016-04-19 16:58:49] EDIT project/views/default/main.html: 0
[2016-04-19 17:00:13] EDIT project/controllers/default.py: 0
[2016-04-19 17:10:05] EDIT project/controllers/default.py: 0
[2016-04-19 17:13:17] EDIT project/models/db.py: 0
[2016-04-19 17:19:39] EDIT project/views/default/main.html: 0
[2016-04-19 17:21:59] EDIT project/views/default/main.html: 0
[2016-04-19 17:32:58] EDIT project/views/default/home.html: 6
[2016-04-19 17:35:06] EDIT project/views/default/home.html: 2
[2016-04-19 17:38:09] EDIT project/views/default/home.html: 0
[2016-04-19 17:38:43] EDIT project/views/default/home.html: 0
[2016-04-19 17:42:22] EDIT project/controllers/default.py: 3
[2016-04-19 17:44:23] EDIT project/views/default/home.html: 2
[2016-04-19 17:44:47] EDIT project/views/default/home.html: 0
[2016-04-19 17:45:06] EDIT project/views/default/home.html: -2
[2016-04-19 18:01:58] EDIT project/views/default/home.html: 0
[2016-04-19 18:04:28] EDIT project/views/default/home.html: 0
[2016-04-29 22:11:33] EDIT project/views/default/main.html: -9
[2016-04-29 22:12:30] EDIT project/views/default/main.html: -3
[2016-04-29 22:13:01] EDIT project/views/default/main.html: -1
[2016-04-29 22:13:30] EDIT project/views/default/main.html: -2
[2016-04-30 15:37:34] EDIT project1/controllers/default.py: 0
[2016-04-30 15:38:22] EDIT project1/controllers/default.py: 0
[2016-04-30 15:39:59] EDIT project1/controllers/default.py: 0
[2016-04-30 15:41:42] EDIT project1/static/css/bootstrap.min.css: 0
[2016-04-30 15:48:41] EDIT project1/views/default/home.html: 0
[2016-04-30 15:48:51] EDIT project1/views/default/home.html: 0
[2016-04-30 16:38:17] EDIT project1/views/default/home.html: 0
[2016-05-01 14:42:34] EDIT project4/models/menu.py: 1
[2016-05-01 14:43:20] EDIT project4/controllers/default.py: 22
[2016-05-01 14:44:39] EDIT project4/views/default/home.html: 0
[2016-05-01 14:45:27] CREATE default/search2.html: 0
[2016-05-01 14:45:46] EDIT project4/views/default/search2.html: 13
[2016-05-01 14:46:31] EDIT project4/static/css/bootstrap.min.css: 0
[2016-05-01 14:47:57] EDIT project4/static/css/home.css: 30
[2016-05-01 14:50:10] EDIT project4/static/css/start.css: 0
[2016-05-01 15:11:16] EDIT project1/views/default/home.html: 1
[2016-05-01 15:14:01] EDIT project1/views/default/home.html: 0
[2016-05-01 15:15:23] EDIT project1/views/default/home.html: 0
[2016-05-01 15:17:25] EDIT project1/views/default/home.html: 0
[2016-05-01 15:18:47] EDIT project1/static/css/home.css: 6
[2016-05-01 15:24:37] EDIT project1/controllers/default.py: 9
[2016-05-01 16:16:49] EDIT project1/controllers/default.py: 1
[2016-05-01 16:17:19] EDIT project1/controllers/default.py: 0
[2016-05-01 16:17:23] EDIT project1/views/default/main.html: 0
[2016-05-02 14:20:55] EDIT project1/views/default/main.html: 1
